  2DCollisionSystem.cpp
C:\Users\anand\Documents\GitHub\2DCollisionSystem\2DCollisionSystem\shapes.h(30,31): warning C4244: '=': conversion from 'double' to 'float', possible loss of data
C:\Users\anand\Documents\GitHub\2DCollisionSystem\2DCollisionSystem\shapes.h(44,31): warning C4244: '=': conversion from 'double' to 'float', possible loss of data
C:\Users\anand\Documents\GitHub\2DCollisionSystem\2DCollisionSystem\shapes.h(58,31): warning C4244: '=': conversion from 'double' to 'float', possible loss of data
C:\Users\anand\Documents\GitHub\2DCollisionSystem\2DCollisionSystem\shapes.h(72,31): warning C4244: '=': conversion from 'double' to 'float', possible loss of data
C:\Users\anand\Documents\GitHub\2DCollisionSystem\2DCollisionSystem\shapes.h(108,33): warning C4244: '=': conversion from 'double' to 'float', possible loss of data
C:\Users\anand\Documents\GitHub\2DCollisionSystem\2DCollisionSystem\shapes.h(109,33): warning C4244: '=': conversion from 'double' to 'float', possible loss of data
C:\Users\anand\Documents\GitHub\2DCollisionSystem\2DCollisionSystem\shapes.h(116,33): warning C4244: '=': conversion from 'double' to 'float', possible loss of data
C:\Users\anand\Documents\GitHub\2DCollisionSystem\2DCollisionSystem\shapes.h(117,33): warning C4244: '=': conversion from 'double' to 'float', possible loss of data
C:\Users\anand\Documents\GitHub\2DCollisionSystem\2DCollisionSystem\shapes.h(124,33): warning C4244: '=': conversion from 'double' to 'float', possible loss of data
C:\Users\anand\Documents\GitHub\2DCollisionSystem\2DCollisionSystem\shapes.h(125,33): warning C4244: '=': conversion from 'double' to 'float', possible loss of data
C:\Users\anand\Documents\GitHub\2DCollisionSystem\2DCollisionSystem\shapes.h(132,33): warning C4244: '=': conversion from 'double' to 'float', possible loss of data
C:\Users\anand\Documents\GitHub\2DCollisionSystem\2DCollisionSystem\shapes.h(133,33): warning C4244: '=': conversion from 'double' to 'float', possible loss of data
C:\Users\anand\Documents\GitHub\2DCollisionSystem\2DCollisionSystem\shapes.h(158,41): warning C4244: 'argument': conversion from 'float' to 'size_t', possible loss of data
C:\Users\anand\Documents\GitHub\2DCollisionSystem\2DCollisionSystem\shapes.h(164,33): warning C4244: '=': conversion from 'double' to 'float', possible loss of data
C:\Users\anand\Documents\GitHub\2DCollisionSystem\2DCollisionSystem\shapes.h(170,33): warning C4244: '=': conversion from 'double' to 'float', possible loss of data
C:\Users\anand\Documents\GitHub\2DCollisionSystem\2DCollisionSystem\shapes.h(176,33): warning C4244: '=': conversion from 'double' to 'float', possible loss of data
C:\Users\anand\Documents\GitHub\2DCollisionSystem\2DCollisionSystem\shapes.h(182,33): warning C4244: '=': conversion from 'double' to 'float', possible loss of data
C:\Users\anand\Documents\GitHub\2DCollisionSystem\2DCollisionSystem\shapes.h(208,33): warning C4244: '=': conversion from 'double' to 'float', possible loss of data
C:\Users\anand\Documents\GitHub\2DCollisionSystem\2DCollisionSystem\shapes.h(214,33): warning C4244: '=': conversion from 'double' to 'float', possible loss of data
C:\Users\anand\Documents\GitHub\2DCollisionSystem\2DCollisionSystem\shapes.h(220,33): warning C4244: '=': conversion from 'double' to 'float', possible loss of data
C:\Users\anand\Documents\GitHub\2DCollisionSystem\2DCollisionSystem\shapes.h(226,33): warning C4244: '=': conversion from 'double' to 'float', possible loss of data
C:\Users\anand\Documents\GitHub\2DCollisionSystem\2DCollisionSystem\shapes.h(287,33): warning C4244: '=': conversion from 'double' to 'float', possible loss of data
C:\Users\anand\Documents\GitHub\2DCollisionSystem\2DCollisionSystem\shapes.h(294,33): warning C4244: '=': conversion from 'double' to 'float', possible loss of data
C:\Users\anand\Documents\GitHub\2DCollisionSystem\2DCollisionSystem\shapes.h(300,33): warning C4244: '=': conversion from 'double' to 'float', possible loss of data
C:\Users\anand\Documents\GitHub\2DCollisionSystem\2DCollisionSystem\shapes.h(306,33): warning C4244: '=': conversion from 'double' to 'float', possible loss of data
C:\Users\anand\Documents\GitHub\2DCollisionSystem\2DCollisionSystem\shapes.h(315,1): warning C4305: 'argument': truncation from 'double' to 'float'
C:\Users\anand\Documents\GitHub\2DCollisionSystem\2DCollisionSystem\shapes.h(324,1): warning C4305: 'argument': truncation from 'double' to 'float'
  collisiondetection.cpp
C:\Users\anand\Documents\GitHub\2DCollisionSystem\2DCollisionSystem\shapes.h(30,31): warning C4244: '=': conversion from 'double' to 'float', possible loss of data
C:\Users\anand\Documents\GitHub\2DCollisionSystem\2DCollisionSystem\shapes.h(44,31): warning C4244: '=': conversion from 'double' to 'float', possible loss of data
C:\Users\anand\Documents\GitHub\2DCollisionSystem\2DCollisionSystem\shapes.h(58,31): warning C4244: '=': conversion from 'double' to 'float', possible loss of data
C:\Users\anand\Documents\GitHub\2DCollisionSystem\2DCollisionSystem\shapes.h(72,31): warning C4244: '=': conversion from 'double' to 'float', possible loss of data
C:\Users\anand\Documents\GitHub\2DCollisionSystem\2DCollisionSystem\shapes.h(108,33): warning C4244: '=': conversion from 'double' to 'float', possible loss of data
C:\Users\anand\Documents\GitHub\2DCollisionSystem\2DCollisionSystem\shapes.h(109,33): warning C4244: '=': conversion from 'double' to 'float', possible loss of data
C:\Users\anand\Documents\GitHub\2DCollisionSystem\2DCollisionSystem\shapes.h(116,33): warning C4244: '=': conversion from 'double' to 'float', possible loss of data
C:\Users\anand\Documents\GitHub\2DCollisionSystem\2DCollisionSystem\shapes.h(117,33): warning C4244: '=': conversion from 'double' to 'float', possible loss of data
C:\Users\anand\Documents\GitHub\2DCollisionSystem\2DCollisionSystem\shapes.h(124,33): warning C4244: '=': conversion from 'double' to 'float', possible loss of data
C:\Users\anand\Documents\GitHub\2DCollisionSystem\2DCollisionSystem\shapes.h(125,33): warning C4244: '=': conversion from 'double' to 'float', possible loss of data
C:\Users\anand\Documents\GitHub\2DCollisionSystem\2DCollisionSystem\shapes.h(132,33): warning C4244: '=': conversion from 'double' to 'float', possible loss of data
C:\Users\anand\Documents\GitHub\2DCollisionSystem\2DCollisionSystem\shapes.h(133,33): warning C4244: '=': conversion from 'double' to 'float', possible loss of data
C:\Users\anand\Documents\GitHub\2DCollisionSystem\2DCollisionSystem\shapes.h(158,41): warning C4244: 'argument': conversion from 'float' to 'size_t', possible loss of data
C:\Users\anand\Documents\GitHub\2DCollisionSystem\2DCollisionSystem\shapes.h(164,33): warning C4244: '=': conversion from 'double' to 'float', possible loss of data
C:\Users\anand\Documents\GitHub\2DCollisionSystem\2DCollisionSystem\shapes.h(170,33): warning C4244: '=': conversion from 'double' to 'float', possible loss of data
C:\Users\anand\Documents\GitHub\2DCollisionSystem\2DCollisionSystem\shapes.h(176,33): warning C4244: '=': conversion from 'double' to 'float', possible loss of data
C:\Users\anand\Documents\GitHub\2DCollisionSystem\2DCollisionSystem\shapes.h(182,33): warning C4244: '=': conversion from 'double' to 'float', possible loss of data
C:\Users\anand\Documents\GitHub\2DCollisionSystem\2DCollisionSystem\shapes.h(208,33): warning C4244: '=': conversion from 'double' to 'float', possible loss of data
C:\Users\anand\Documents\GitHub\2DCollisionSystem\2DCollisionSystem\shapes.h(214,33): warning C4244: '=': conversion from 'double' to 'float', possible loss of data
C:\Users\anand\Documents\GitHub\2DCollisionSystem\2DCollisionSystem\shapes.h(220,33): warning C4244: '=': conversion from 'double' to 'float', possible loss of data
C:\Users\anand\Documents\GitHub\2DCollisionSystem\2DCollisionSystem\shapes.h(226,33): warning C4244: '=': conversion from 'double' to 'float', possible loss of data
C:\Users\anand\Documents\GitHub\2DCollisionSystem\2DCollisionSystem\shapes.h(287,33): warning C4244: '=': conversion from 'double' to 'float', possible loss of data
C:\Users\anand\Documents\GitHub\2DCollisionSystem\2DCollisionSystem\shapes.h(294,33): warning C4244: '=': conversion from 'double' to 'float', possible loss of data
C:\Users\anand\Documents\GitHub\2DCollisionSystem\2DCollisionSystem\shapes.h(300,33): warning C4244: '=': conversion from 'double' to 'float', possible loss of data
C:\Users\anand\Documents\GitHub\2DCollisionSystem\2DCollisionSystem\shapes.h(306,33): warning C4244: '=': conversion from 'double' to 'float', possible loss of data
C:\Users\anand\Documents\GitHub\2DCollisionSystem\2DCollisionSystem\shapes.h(315,1): warning C4305: 'argument': truncation from 'double' to 'float'
C:\Users\anand\Documents\GitHub\2DCollisionSystem\2DCollisionSystem\shapes.h(324,1): warning C4305: 'argument': truncation from 'double' to 'float'
  Generating Code...
  2DCollisionSystem.vcxproj -> C:\Users\anand\Documents\GitHub\2DCollisionSystem\x64\Debug\2DCollisionSystem.exe
